<component name="libraryTable">
  <library name="junit-jupiter-api-5.10.2">
    <CLASSES>
      <root url="jar://$USER_HOME$/Downloads/junit-4.12.jar!/" />
    </CLASSES>
    <JAVADOC />
    <SOURCES />
  </library>
</component>